Start testing: Nov 03 23:44 CET
----------------------------------------------------------
1/1 Testing: UnitShellTests
1/1 Test: UnitShellTests
Command: "/home/edward/Documents/SEPC/sepc-shell/tests/allShellTests.rb"
Directory: /home/edward/Documents/SEPC/sepc-shell/build
"UnitShellTests" start time: Nov 03 23:44 CET
Output:
----------------------------------------------------------
<end of output>
Test time =   0.00 sec
----------------------------------------------------------
Test Failed.
"UnitShellTests" end time: Nov 03 23:44 CET
"UnitShellTests" time elapsed: 00:00:00
----------------------------------------------------------

End testing: Nov 03 23:44 CET
